{"/code/db_Config.js": {"path":"/code/db_Config.js","statementMap":{"0":{"start":{"line":1,"column":22},"end":{"line":1,"column":41}},"1":{"start":{"line":3,"column":22},"end":{"line":3,"column":74}},"2":{"start":{"line":4,"column":15},"end":{"line":4,"column":34}},"3":{"start":{"line":5,"column":13},"end":{"line":9,"column":1}},"4":{"start":{"line":6,"column":17},"end":{"line":6,"column":57}},"5":{"start":{"line":7,"column":4},"end":{"line":7,"column":51}},"6":{"start":{"line":8,"column":4},"end":{"line":8,"column":29}},"7":{"start":{"line":11,"column":0},"end":{"line":11,"column":24}}},"fnMap":{"0":{"name":"(anonymous_0)","decl":{"start":{"line":5,"column":13},"end":{"line":5,"column":14}},"loc":{"start":{"line":5,"column":25},"end":{"line":9,"column":1}},"line":5}},"branchMap":{"0":{"loc":{"start":{"line":3,"column":22},"end":{"line":3,"column":74}},"type":"binary-expr","locations":[{"start":{"line":3,"column":22},"end":{"line":3,"column":45}},{"start":{"line":3,"column":49},"end":{"line":3,"column":74}}],"line":3}},"s":{"0":1,"1":1,"2":1,"3":1,"4":4,"5":4,"6":4,"7":1},"f":{"0":4},"b":{"0":[1,1]},"_coverageSchema":"1a1c01bbd47fc00a2c39e90264f33305004495a9","hash":"611d0f685db62bef23e6db24095efb31fd28c95c"}
,"/code/server.js": {"path":"/code/server.js","statementMap":{"0":{"start":{"line":1,"column":16},"end":{"line":1,"column":34}},"1":{"start":{"line":3,"column":15},"end":{"line":3,"column":24}},"2":{"start":{"line":4,"column":0},"end":{"line":4,"column":27}},"3":{"start":{"line":6,"column":13},"end":{"line":6,"column":28}},"4":{"start":{"line":8,"column":0},"end":{"line":8,"column":22}},"5":{"start":{"line":9,"column":0},"end":{"line":9,"column":27}},"6":{"start":{"line":11,"column":21},"end":{"line":11,"column":53}},"7":{"start":{"line":13,"column":0},"end":{"line":13,"column":37}},"8":{"start":{"line":15,"column":0},"end":{"line":15,"column":75}},"9":{"start":{"line":15,"column":30},"end":{"line":15,"column":73}},"10":{"start":{"line":17,"column":0},"end":{"line":17,"column":24}}},"fnMap":{"0":{"name":"(anonymous_0)","decl":{"start":{"line":15,"column":16},"end":{"line":15,"column":17}},"loc":{"start":{"line":15,"column":30},"end":{"line":15,"column":73}},"line":15}},"branchMap":{},"s":{"0":1,"1":1,"2":1,"3":1,"4":1,"5":1,"6":1,"7":1,"8":1,"9":1,"10":1},"f":{"0":1},"b":{},"_coverageSchema":"1a1c01bbd47fc00a2c39e90264f33305004495a9","hash":"2f552493881dc57c43091a6421d5952f9091a44a"}
,"/code/controllers/players.js": {"path":"/code/controllers/players.js","statementMap":{"0":{"start":{"line":1,"column":16},"end":{"line":1,"column":34}},"1":{"start":{"line":2,"column":15},"end":{"line":2,"column":31}},"2":{"start":{"line":4,"column":15},"end":{"line":4,"column":43}},"3":{"start":{"line":8,"column":0},"end":{"line":15,"column":2}},"4":{"start":{"line":9,"column":4},"end":{"line":14,"column":5}},"5":{"start":{"line":10,"column":24},"end":{"line":10,"column":40}},"6":{"start":{"line":11,"column":8},"end":{"line":11,"column":37}},"7":{"start":{"line":13,"column":8},"end":{"line":13,"column":37}},"8":{"start":{"line":19,"column":0},"end":{"line":27,"column":2}},"9":{"start":{"line":20,"column":4},"end":{"line":26,"column":5}},"10":{"start":{"line":21,"column":26},"end":{"line":21,"column":64}},"11":{"start":{"line":22,"column":8},"end":{"line":22,"column":39}},"12":{"start":{"line":25,"column":8},"end":{"line":25,"column":37}},"13":{"start":{"line":30,"column":0},"end":{"line":37,"column":2}},"14":{"start":{"line":31,"column":4},"end":{"line":36,"column":5}},"15":{"start":{"line":32,"column":23},"end":{"line":32,"column":71}},"16":{"start":{"line":33,"column":8},"end":{"line":33,"column":36}},"17":{"start":{"line":35,"column":8},"end":{"line":35,"column":37}},"18":{"start":{"line":40,"column":0},"end":{"line":47,"column":2}},"19":{"start":{"line":41,"column":4},"end":{"line":46,"column":5}},"20":{"start":{"line":42,"column":23},"end":{"line":42,"column":79}},"21":{"start":{"line":43,"column":8},"end":{"line":43,"column":23}},"22":{"start":{"line":45,"column":8},"end":{"line":45,"column":37}},"23":{"start":{"line":49,"column":0},"end":{"line":49,"column":23}}},"fnMap":{"0":{"name":"(anonymous_0)","decl":{"start":{"line":8,"column":16},"end":{"line":8,"column":17}},"loc":{"start":{"line":8,"column":35},"end":{"line":15,"column":1}},"line":8},"1":{"name":"(anonymous_1)","decl":{"start":{"line":19,"column":17},"end":{"line":19,"column":18}},"loc":{"start":{"line":19,"column":36},"end":{"line":27,"column":1}},"line":19},"2":{"name":"(anonymous_2)","decl":{"start":{"line":30,"column":25},"end":{"line":30,"column":26}},"loc":{"start":{"line":30,"column":44},"end":{"line":37,"column":1}},"line":30},"3":{"name":"(anonymous_3)","decl":{"start":{"line":40,"column":27},"end":{"line":40,"column":28}},"loc":{"start":{"line":40,"column":46},"end":{"line":47,"column":1}},"line":40}},"branchMap":{},"s":{"0":1,"1":1,"2":1,"3":1,"4":1,"5":1,"6":1,"7":0,"8":1,"9":2,"10":2,"11":1,"12":1,"13":1,"14":1,"15":1,"16":1,"17":0,"18":1,"19":0,"20":0,"21":0,"22":0,"23":1},"f":{"0":1,"1":2,"2":1,"3":0},"b":{},"_coverageSchema":"1a1c01bbd47fc00a2c39e90264f33305004495a9","hash":"c1718a0545e1ffe4c4f415482e91eebb9759e3c7"}
,"/code/models/players.js": {"path":"/code/models/players.js","statementMap":{"0":{"start":{"line":1,"column":15},"end":{"line":1,"column":39}},"1":{"start":{"line":3,"column":0},"end":{"line":80,"column":1}},"2":{"start":{"line":6,"column":8},"end":{"line":6,"column":26}},"3":{"start":{"line":7,"column":8},"end":{"line":7,"column":38}},"4":{"start":{"line":8,"column":8},"end":{"line":8,"column":32}},"5":{"start":{"line":12,"column":8},"end":{"line":23,"column":10}},"6":{"start":{"line":13,"column":12},"end":{"line":22,"column":13}},"7":{"start":{"line":14,"column":27},"end":{"line":14,"column":39}},"8":{"start":{"line":15,"column":36},"end":{"line":15,"column":110}},"9":{"start":{"line":16,"column":32},"end":{"line":16,"column":83}},"10":{"start":{"line":16,"column":53},"end":{"line":16,"column":82}},"11":{"start":{"line":17,"column":16},"end":{"line":17,"column":33}},"12":{"start":{"line":20,"column":16},"end":{"line":20,"column":33}},"13":{"start":{"line":21,"column":16},"end":{"line":21,"column":50}},"14":{"start":{"line":27,"column":8},"end":{"line":44,"column":10}},"15":{"start":{"line":28,"column":12},"end":{"line":42,"column":13}},"16":{"start":{"line":29,"column":27},"end":{"line":29,"column":39}},"17":{"start":{"line":30,"column":29},"end":{"line":30,"column":89}},"18":{"start":{"line":31,"column":16},"end":{"line":39,"column":17}},"19":{"start":{"line":32,"column":20},"end":{"line":32,"column":53}},"20":{"start":{"line":34,"column":32},"end":{"line":34,"column":33}},"21":{"start":{"line":35,"column":37},"end":{"line":35,"column":99}},"22":{"start":{"line":36,"column":29},"end":{"line":36,"column":50}},"23":{"start":{"line":37,"column":36},"end":{"line":37,"column":69}},"24":{"start":{"line":38,"column":20},"end":{"line":38,"column":40}},"25":{"start":{"line":41,"column":16},"end":{"line":41,"column":49}},"26":{"start":{"line":48,"column":8},"end":{"line":62,"column":10}},"27":{"start":{"line":49,"column":12},"end":{"line":61,"column":13}},"28":{"start":{"line":50,"column":27},"end":{"line":50,"column":39}},"29":{"start":{"line":51,"column":29},"end":{"line":51,"column":89}},"30":{"start":{"line":52,"column":16},"end":{"line":57,"column":17}},"31":{"start":{"line":53,"column":36},"end":{"line":53,"column":60}},"32":{"start":{"line":54,"column":20},"end":{"line":54,"column":40}},"33":{"start":{"line":56,"column":20},"end":{"line":56,"column":48}},"34":{"start":{"line":60,"column":16},"end":{"line":60,"column":44}},"35":{"start":{"line":66,"column":8},"end":{"line":77,"column":10}},"36":{"start":{"line":67,"column":11},"end":{"line":76,"column":12}},"37":{"start":{"line":68,"column":27},"end":{"line":68,"column":39}},"38":{"start":{"line":69,"column":29},"end":{"line":69,"column":148}},"39":{"start":{"line":70,"column":36},"end":{"line":70,"column":59}},"40":{"start":{"line":71,"column":16},"end":{"line":71,"column":36}},"41":{"start":{"line":72,"column":16},"end":{"line":72,"column":40}},"42":{"start":{"line":75,"column":15},"end":{"line":75,"column":27}}},"fnMap":{"0":{"name":"(anonymous_0)","decl":{"start":{"line":5,"column":4},"end":{"line":5,"column":5}},"loc":{"start":{"line":5,"column":21},"end":{"line":9,"column":5}},"line":5},"1":{"name":"(anonymous_1)","decl":{"start":{"line":11,"column":4},"end":{"line":11,"column":5}},"loc":{"start":{"line":11,"column":21},"end":{"line":24,"column":5}},"line":11},"2":{"name":"(anonymous_2)","decl":{"start":{"line":12,"column":28},"end":{"line":12,"column":29}},"loc":{"start":{"line":12,"column":55},"end":{"line":23,"column":9}},"line":12},"3":{"name":"(anonymous_3)","decl":{"start":{"line":16,"column":48},"end":{"line":16,"column":49}},"loc":{"start":{"line":16,"column":53},"end":{"line":16,"column":82}},"line":16},"4":{"name":"(anonymous_4)","decl":{"start":{"line":26,"column":4},"end":{"line":26,"column":5}},"loc":{"start":{"line":26,"column":27},"end":{"line":45,"column":5}},"line":26},"5":{"name":"(anonymous_5)","decl":{"start":{"line":27,"column":28},"end":{"line":27,"column":29}},"loc":{"start":{"line":27,"column":55},"end":{"line":44,"column":9}},"line":27},"6":{"name":"(anonymous_6)","decl":{"start":{"line":47,"column":4},"end":{"line":47,"column":5}},"loc":{"start":{"line":47,"column":36},"end":{"line":63,"column":5}},"line":47},"7":{"name":"(anonymous_7)","decl":{"start":{"line":48,"column":28},"end":{"line":48,"column":29}},"loc":{"start":{"line":48,"column":56},"end":{"line":62,"column":9}},"line":48},"8":{"name":"(anonymous_8)","decl":{"start":{"line":65,"column":4},"end":{"line":65,"column":5}},"loc":{"start":{"line":65,"column":35},"end":{"line":78,"column":5}},"line":65},"9":{"name":"(anonymous_9)","decl":{"start":{"line":66,"column":28},"end":{"line":66,"column":29}},"loc":{"start":{"line":66,"column":56},"end":{"line":77,"column":9}},"line":66}},"branchMap":{"0":{"loc":{"start":{"line":31,"column":16},"end":{"line":39,"column":17}},"type":"if","locations":[{"start":{"line":31,"column":16},"end":{"line":39,"column":17}},{"start":{"line":33,"column":23},"end":{"line":39,"column":17}}],"line":31},"1":{"loc":{"start":{"line":52,"column":16},"end":{"line":57,"column":17}},"type":"if","locations":[{"start":{"line":52,"column":16},"end":{"line":57,"column":17}},{"start":{"line":55,"column":23},"end":{"line":57,"column":17}}],"line":52}},"s":{"0":1,"1":1,"2":7,"3":7,"4":7,"5":1,"6":1,"7":1,"8":1,"9":1,"10":5,"11":1,"12":0,"13":0,"14":2,"15":2,"16":2,"17":2,"18":2,"19":1,"20":1,"21":1,"22":1,"23":1,"24":1,"25":0,"26":1,"27":1,"28":1,"29":1,"30":1,"31":1,"32":1,"33":0,"34":0,"35":0,"36":0,"37":0,"38":0,"39":0,"40":0,"41":0,"42":0},"f":{"0":7,"1":1,"2":1,"3":5,"4":2,"5":2,"6":1,"7":1,"8":0,"9":0},"b":{"0":[1,1],"1":[1,0]},"_coverageSchema":"1a1c01bbd47fc00a2c39e90264f33305004495a9","hash":"efcbe6a84e29a80caa84722930b0e309ea91396e"}
}
